2025-02-04 16:18:20.589 +03:00 [INF] User profile is available. Using 'C:\Users\User\AppData\Local\ASP.NET\DataProtection-Keys' as key repository and Windows DPAPI to encrypt keys at rest.
2025-02-04 16:18:20.647 +03:00 [WRN] The WebRootPath was not found: D:\programmes\vs code projects\ASP.NET Core MVC NoteShare API\API.Web\wwwroot. Static files may be unavailable.
2025-02-04 16:18:20.665 +03:00 [INF] Now listening on: http://localhost:5252
2025-02-04 16:18:20.667 +03:00 [INF] Application started. Press Ctrl+C to shut down.
2025-02-04 16:18:20.668 +03:00 [INF] Hosting environment: Development
2025-02-04 16:18:20.668 +03:00 [INF] Content root path: D:\programmes\vs code projects\ASP.NET Core MVC NoteShare API\API.Web
2025-02-04 16:18:20.850 +03:00 [INF] Request starting HTTP/1.1 GET http://localhost:5252/swagger/index.html - null null
2025-02-04 16:18:20.860 +03:00 [WRN] Failed to determine the https port for redirect.
2025-02-04 16:18:21.032 +03:00 [INF] HTTP GET /swagger/index.html responded 200 in 173.7159 ms
2025-02-04 16:18:21.034 +03:00 [INF] Request finished HTTP/1.1 GET http://localhost:5252/swagger/index.html - 200 null text/html;charset=utf-8 185.3184ms
2025-02-04 16:18:21.084 +03:00 [INF] Request starting HTTP/1.1 GET http://localhost:5252/swagger/index.js - null null
2025-02-04 16:18:21.088 +03:00 [INF] HTTP GET /swagger/index.js responded 200 in 3.6535 ms
2025-02-04 16:18:21.089 +03:00 [INF] Request finished HTTP/1.1 GET http://localhost:5252/swagger/index.js - 200 null application/javascript;charset=utf-8 5.5242ms
2025-02-04 16:18:21.562 +03:00 [INF] Request starting HTTP/1.1 GET http://localhost:5252/swagger/v1/swagger.json - null null
2025-02-04 16:18:21.687 +03:00 [INF] HTTP GET /swagger/v1/swagger.json responded 200 in 124.7419 ms
2025-02-04 16:18:21.689 +03:00 [INF] Request finished HTTP/1.1 GET http://localhost:5252/swagger/v1/swagger.json - 200 null application/json;charset=utf-8 126.8447ms
2025-02-04 16:18:48.687 +03:00 [INF] Request starting HTTP/1.1 POST http://localhost:5252/Auth/Register - application/json 69
2025-02-04 16:18:48.695 +03:00 [INF] Executing endpoint 'AuthController.Register (API.Web)'
2025-02-04 16:18:48.711 +03:00 [INF] Route matched with {action = "Register", controller = "Auth"}. Executing controller action with signature System.Threading.Tasks.Task`1[Microsoft.AspNetCore.Mvc.ActionResult] Register(API.Application.DTOs.RegisterRequest) on controller AuthController (API.Web).
2025-02-04 16:18:49.101 +03:00 [WRN] Sensitive data logging is enabled. Log entries and exception messages may include sensitive application data; this mode should only be enabled during development.
2025-02-04 16:18:49.266 +03:00 [INF] Executing BadRequestObjectResult, writing value of type 'Microsoft.AspNetCore.Mvc.ValidationProblemDetails'.
2025-02-04 16:18:49.288 +03:00 [INF] Executed action AuthController.Register (API.Web) in 573.4451ms
2025-02-04 16:18:49.288 +03:00 [INF] Executed endpoint 'AuthController.Register (API.Web)'
2025-02-04 16:18:49.288 +03:00 [INF] HTTP POST /Auth/Register responded 400 in 600.7049 ms
2025-02-04 16:18:49.292 +03:00 [INF] Request finished HTTP/1.1 POST http://localhost:5252/Auth/Register - 400 null application/problem+json; charset=utf-8 604.7813ms
2025-02-04 16:21:15.250 +03:00 [INF] User profile is available. Using 'C:\Users\User\AppData\Local\ASP.NET\DataProtection-Keys' as key repository and Windows DPAPI to encrypt keys at rest.
2025-02-04 16:21:15.308 +03:00 [WRN] The WebRootPath was not found: D:\programmes\vs code projects\ASP.NET Core MVC NoteShare API\API.Web\wwwroot. Static files may be unavailable.
2025-02-04 16:21:15.318 +03:00 [INF] Now listening on: http://localhost:5252
2025-02-04 16:21:15.320 +03:00 [INF] Application started. Press Ctrl+C to shut down.
2025-02-04 16:21:15.321 +03:00 [INF] Hosting environment: Development
2025-02-04 16:21:15.321 +03:00 [INF] Content root path: D:\programmes\vs code projects\ASP.NET Core MVC NoteShare API\API.Web
2025-02-04 16:21:15.487 +03:00 [INF] Request starting HTTP/1.1 GET http://localhost:5252/swagger/index.html - null null
2025-02-04 16:21:15.494 +03:00 [WRN] Failed to determine the https port for redirect.
2025-02-04 16:21:15.664 +03:00 [INF] HTTP GET /swagger/index.html responded 200 in 170.7987 ms
2025-02-04 16:21:15.667 +03:00 [INF] Request finished HTTP/1.1 GET http://localhost:5252/swagger/index.html - 200 null text/html;charset=utf-8 180.3365ms
2025-02-04 16:21:15.714 +03:00 [INF] Request starting HTTP/1.1 GET http://localhost:5252/swagger/index.js - null null
2025-02-04 16:21:15.718 +03:00 [INF] HTTP GET /swagger/index.js responded 200 in 3.3019 ms
2025-02-04 16:21:15.719 +03:00 [INF] Request finished HTTP/1.1 GET http://localhost:5252/swagger/index.js - 200 null application/javascript;charset=utf-8 5.234ms
2025-02-04 16:21:16.088 +03:00 [INF] Request starting HTTP/1.1 GET http://localhost:5252/swagger/v1/swagger.json - null null
2025-02-04 16:21:16.217 +03:00 [INF] HTTP GET /swagger/v1/swagger.json responded 200 in 129.2770 ms
2025-02-04 16:21:16.218 +03:00 [INF] Request finished HTTP/1.1 GET http://localhost:5252/swagger/v1/swagger.json - 200 null application/json;charset=utf-8 129.9348ms
2025-02-04 16:21:32.227 +03:00 [INF] Request starting HTTP/1.1 POST http://localhost:5252/Auth/Register - application/json 67
2025-02-04 16:21:32.230 +03:00 [INF] Executing endpoint 'AuthController.Register (API.Web)'
2025-02-04 16:21:32.259 +03:00 [INF] Route matched with {action = "Register", controller = "Auth"}. Executing controller action with signature System.Threading.Tasks.Task`1[Microsoft.AspNetCore.Mvc.ActionResult] Register(API.Application.DTOs.RegisterRequest) on controller AuthController (API.Web).
2025-02-04 16:21:32.624 +03:00 [WRN] Sensitive data logging is enabled. Log entries and exception messages may include sensitive application data; this mode should only be enabled during development.
2025-02-04 16:21:32.785 +03:00 [INF] Executing BadRequestObjectResult, writing value of type 'Microsoft.AspNetCore.Mvc.ValidationProblemDetails'.
2025-02-04 16:21:32.810 +03:00 [INF] Executed action AuthController.Register (API.Web) in 546.808ms
2025-02-04 16:21:32.810 +03:00 [INF] Executed endpoint 'AuthController.Register (API.Web)'
2025-02-04 16:21:32.810 +03:00 [INF] HTTP POST /Auth/Register responded 400 in 582.9694 ms
2025-02-04 16:21:32.813 +03:00 [INF] Request finished HTTP/1.1 POST http://localhost:5252/Auth/Register - 400 null application/problem+json; charset=utf-8 586.2068ms
2025-02-04 16:50:29.198 +03:00 [INF] User profile is available. Using 'C:\Users\User\AppData\Local\ASP.NET\DataProtection-Keys' as key repository and Windows DPAPI to encrypt keys at rest.
2025-02-04 16:50:29.298 +03:00 [WRN] The WebRootPath was not found: D:\programmes\vs code projects\ASP.NET Core MVC NoteShare API\API.Web\wwwroot. Static files may be unavailable.
2025-02-04 16:50:29.337 +03:00 [INF] Now listening on: http://localhost:5252
2025-02-04 16:50:29.339 +03:00 [INF] Application started. Press Ctrl+C to shut down.
2025-02-04 16:50:29.340 +03:00 [INF] Hosting environment: Development
2025-02-04 16:50:29.340 +03:00 [INF] Content root path: D:\programmes\vs code projects\ASP.NET Core MVC NoteShare API\API.Web
2025-02-04 16:50:29.541 +03:00 [INF] Request starting HTTP/1.1 GET http://localhost:5252/swagger/index.html - null null
2025-02-04 16:50:29.547 +03:00 [WRN] Failed to determine the https port for redirect.
2025-02-04 16:50:29.760 +03:00 [INF] HTTP GET /swagger/index.html responded 200 in 212.4296 ms
2025-02-04 16:50:29.765 +03:00 [INF] Request finished HTTP/1.1 GET http://localhost:5252/swagger/index.html - 200 null text/html;charset=utf-8 225.3686ms
2025-02-04 16:50:29.820 +03:00 [INF] Request starting HTTP/1.1 GET http://localhost:5252/swagger/index.js - null null
2025-02-04 16:50:29.826 +03:00 [INF] HTTP GET /swagger/index.js responded 200 in 4.6149 ms
2025-02-04 16:50:29.835 +03:00 [INF] Request finished HTTP/1.1 GET http://localhost:5252/swagger/index.js - 200 null application/javascript;charset=utf-8 15.2108ms
2025-02-04 16:50:30.197 +03:00 [INF] Request starting HTTP/1.1 GET http://localhost:5252/swagger/v1/swagger.json - null null
2025-02-04 16:50:30.337 +03:00 [INF] HTTP GET /swagger/v1/swagger.json responded 200 in 139.2979 ms
2025-02-04 16:50:30.337 +03:00 [INF] Request finished HTTP/1.1 GET http://localhost:5252/swagger/v1/swagger.json - 200 null application/json;charset=utf-8 139.9665ms
2025-02-04 16:58:03.771 +03:00 [INF] User profile is available. Using 'C:\Users\User\AppData\Local\ASP.NET\DataProtection-Keys' as key repository and Windows DPAPI to encrypt keys at rest.
2025-02-04 16:58:03.833 +03:00 [WRN] The WebRootPath was not found: D:\programmes\vs code projects\ASP.NET Core MVC NoteShare API\API.Web\wwwroot. Static files may be unavailable.
2025-02-04 16:58:03.843 +03:00 [INF] Now listening on: http://localhost:5252
2025-02-04 16:58:03.845 +03:00 [INF] Application started. Press Ctrl+C to shut down.
2025-02-04 16:58:03.846 +03:00 [INF] Hosting environment: Development
2025-02-04 16:58:03.846 +03:00 [INF] Content root path: D:\programmes\vs code projects\ASP.NET Core MVC NoteShare API\API.Web
2025-02-04 16:58:04.029 +03:00 [INF] Request starting HTTP/1.1 GET http://localhost:5252/swagger/index.html - null null
2025-02-04 16:58:04.035 +03:00 [WRN] Failed to determine the https port for redirect.
2025-02-04 16:58:04.186 +03:00 [INF] HTTP GET /swagger/index.html responded 200 in 151.0400 ms
2025-02-04 16:58:04.190 +03:00 [INF] Request finished HTTP/1.1 GET http://localhost:5252/swagger/index.html - 200 null text/html;charset=utf-8 161.7602ms
2025-02-04 16:58:04.231 +03:00 [INF] Request starting HTTP/1.1 GET http://localhost:5252/swagger/index.js - null null
2025-02-04 16:58:04.234 +03:00 [INF] HTTP GET /swagger/index.js responded 200 in 3.2203 ms
2025-02-04 16:58:04.235 +03:00 [INF] Request finished HTTP/1.1 GET http://localhost:5252/swagger/index.js - 200 null application/javascript;charset=utf-8 5.2171ms
2025-02-04 16:58:04.587 +03:00 [INF] Request starting HTTP/1.1 GET http://localhost:5252/swagger/v1/swagger.json - null null
2025-02-04 16:58:04.733 +03:00 [INF] HTTP GET /swagger/v1/swagger.json responded 200 in 145.3528 ms
2025-02-04 16:58:04.733 +03:00 [INF] Request finished HTTP/1.1 GET http://localhost:5252/swagger/v1/swagger.json - 200 null application/json;charset=utf-8 145.9272ms
2025-02-04 16:58:48.482 +03:00 [INF] Request starting HTTP/1.1 PUT http://localhost:5252/User/Username - application/json 56
2025-02-04 16:58:48.488 +03:00 [INF] Executing endpoint 'UserController.UpdateUsername (API.Web)'
2025-02-04 16:58:48.508 +03:00 [INF] Route matched with {action = "UpdateUsername", controller = "User"}. Executing controller action with signature System.Threading.Tasks.Task`1[Microsoft.AspNetCore.Mvc.ActionResult] UpdateUsername(UsernameUpdateRequest) on controller UserController (API.Web).
2025-02-04 16:58:48.878 +03:00 [WRN] Sensitive data logging is enabled. Log entries and exception messages may include sensitive application data; this mode should only be enabled during development.
2025-02-04 16:58:49.041 +03:00 [INF] Executing BadRequestObjectResult, writing value of type 'Microsoft.AspNetCore.Mvc.ValidationProblemDetails'.
2025-02-04 16:58:49.064 +03:00 [INF] Executed action UserController.UpdateUsername (API.Web) in 553.1252ms
2025-02-04 16:58:49.064 +03:00 [INF] Executed endpoint 'UserController.UpdateUsername (API.Web)'
2025-02-04 16:58:49.064 +03:00 [INF] HTTP PUT /User/Username responded 400 in 582.0380 ms
2025-02-04 16:58:49.068 +03:00 [INF] Request finished HTTP/1.1 PUT http://localhost:5252/User/Username - 400 null application/problem+json; charset=utf-8 585.8785ms
2025-02-04 16:59:16.551 +03:00 [INF] Request starting HTTP/1.1 PUT http://localhost:5252/User/Username - application/json 55
2025-02-04 16:59:16.555 +03:00 [INF] Executing endpoint 'UserController.UpdateUsername (API.Web)'
2025-02-04 16:59:16.556 +03:00 [INF] Route matched with {action = "UpdateUsername", controller = "User"}. Executing controller action with signature System.Threading.Tasks.Task`1[Microsoft.AspNetCore.Mvc.ActionResult] UpdateUsername(UsernameUpdateRequest) on controller UserController (API.Web).
2025-02-04 16:59:17.107 +03:00 [INF] Executed DbCommand (38ms) [Parameters=[@__id_0='0194b1e7-7d1f-7d33-a717-f820b9039952'], CommandType='"Text"', CommandTimeout='30']
SELECT u."Id", u."CreatedAt", u."IsBanned", u."PasswordHash", u."Username"
FROM "Users" AS u
WHERE u."Id" = @__id_0
LIMIT 1
2025-02-04 16:59:17.238 +03:00 [INF] Executed DbCommand (8ms) [Parameters=[@p4='0194b1e7-7d1f-7d33-a717-f820b9039952', @p0='2025-01-29T11:52:05.5497460Z' (DbType = DateTime), @p1='False', @p2='AQAAAAIAAYagAAAAEKMwSvIKiWWN45C6dkZc7CtKH2yH/lu6J/qJ9i9j8xH4iXWihTVblPRs38NU2t1FdQ==' (Nullable = false), @p3='Testik' (Nullable = false)], CommandType='"Text"', CommandTimeout='30']
UPDATE "Users" SET "CreatedAt" = @p0, "IsBanned" = @p1, "PasswordHash" = @p2, "Username" = @p3
WHERE "Id" = @p4;
2025-02-04 16:59:17.251 +03:00 [INF] Executing StatusCodeResult, setting HTTP status code 200
2025-02-04 16:59:17.252 +03:00 [INF] Executed action UserController.UpdateUsername (API.Web) in 695.2123ms
2025-02-04 16:59:17.252 +03:00 [INF] Executed endpoint 'UserController.UpdateUsername (API.Web)'
2025-02-04 16:59:17.253 +03:00 [INF] HTTP PUT /User/Username responded 200 in 701.3012 ms
2025-02-04 16:59:17.256 +03:00 [INF] Request finished HTTP/1.1 PUT http://localhost:5252/User/Username - 200 0 null 704.9469ms
