2025-02-01 16:23:51.352 +03:00 [INF] User profile is available. Using 'C:\Users\User\AppData\Local\ASP.NET\DataProtection-Keys' as key repository and Windows DPAPI to encrypt keys at rest.
2025-02-01 16:23:51.419 +03:00 [WRN] The WebRootPath was not found: D:\programmes\vs code projects\ASP.NET Core MVC NoteShare API\API.Web\wwwroot. Static files may be unavailable.
2025-02-01 16:23:51.431 +03:00 [INF] Now listening on: http://localhost:5252
2025-02-01 16:23:51.433 +03:00 [INF] Application started. Press Ctrl+C to shut down.
2025-02-01 16:23:51.434 +03:00 [INF] Hosting environment: Development
2025-02-01 16:23:51.434 +03:00 [INF] Content root path: D:\programmes\vs code projects\ASP.NET Core MVC NoteShare API\API.Web
2025-02-01 16:23:51.630 +03:00 [INF] Request starting HTTP/1.1 GET http://localhost:5252/swagger/index.html - null null
2025-02-01 16:23:51.639 +03:00 [WRN] Failed to determine the https port for redirect.
2025-02-01 16:23:51.859 +03:00 [INF] HTTP GET /swagger/index.html responded 200 in 221.0328 ms
2025-02-01 16:23:51.862 +03:00 [INF] Request finished HTTP/1.1 GET http://localhost:5252/swagger/index.html - 200 null text/html;charset=utf-8 233.8031ms
2025-02-01 16:23:51.910 +03:00 [INF] Request starting HTTP/1.1 GET http://localhost:5252/swagger/index.js - null null
2025-02-01 16:23:51.913 +03:00 [INF] HTTP GET /swagger/index.js responded 200 in 3.2567 ms
2025-02-01 16:23:51.913 +03:00 [INF] Request finished HTTP/1.1 GET http://localhost:5252/swagger/index.js - 200 null application/javascript;charset=utf-8 4.1785ms
2025-02-01 16:23:52.211 +03:00 [INF] Request starting HTTP/1.1 GET http://localhost:5252/swagger/v1/swagger.json - null null
2025-02-01 16:23:52.322 +03:00 [INF] HTTP GET /swagger/v1/swagger.json responded 200 in 111.6433 ms
2025-02-01 16:23:52.323 +03:00 [INF] Request finished HTTP/1.1 GET http://localhost:5252/swagger/v1/swagger.json - 200 null application/json;charset=utf-8 112.0466ms
2025-02-01 16:24:06.578 +03:00 [INF] Request starting HTTP/1.1 POST http://localhost:5252/Auth/Login - application/json 50
2025-02-01 16:24:06.582 +03:00 [INF] Executing endpoint 'AuthController.Login (API.Web)'
2025-02-01 16:24:06.600 +03:00 [INF] Route matched with {action = "Login", controller = "Auth"}. Executing controller action with signature System.Threading.Tasks.Task`1[Microsoft.AspNetCore.Mvc.ActionResult] Login(API.Application.DTOs.LoginRequest) on controller AuthController (API.Web).
2025-02-01 16:24:06.967 +03:00 [WRN] Sensitive data logging is enabled. Log entries and exception messages may include sensitive application data; this mode should only be enabled during development.
2025-02-01 16:24:07.895 +03:00 [INF] Executing StatusCodeResult, setting HTTP status code 200
2025-02-01 16:24:07.898 +03:00 [INF] Executed action AuthController.Login (API.Web) in 1295.3371ms
2025-02-01 16:24:07.899 +03:00 [INF] Executed endpoint 'AuthController.Login (API.Web)'
2025-02-01 16:24:07.901 +03:00 [INF] HTTP POST /Auth/Login responded 200 in 1321.9147 ms
2025-02-01 16:24:07.910 +03:00 [INF] Request finished HTTP/1.1 POST http://localhost:5252/Auth/Login - 200 0 null 1331.259ms
2025-02-01 16:26:06.728 +03:00 [INF] Request starting HTTP/1.1 POST http://localhost:5252/Auth/Login - application/json 50
2025-02-01 16:26:06.730 +03:00 [INF] Executing endpoint 'AuthController.Login (API.Web)'
2025-02-01 16:26:06.730 +03:00 [INF] Route matched with {action = "Login", controller = "Auth"}. Executing controller action with signature System.Threading.Tasks.Task`1[Microsoft.AspNetCore.Mvc.ActionResult] Login(API.Application.DTOs.LoginRequest) on controller AuthController (API.Web).
2025-02-01 16:26:06.889 +03:00 [INF] Executing StatusCodeResult, setting HTTP status code 200
2025-02-01 16:26:06.890 +03:00 [INF] Executed action AuthController.Login (API.Web) in 159.4921ms
2025-02-01 16:26:06.890 +03:00 [INF] Executed endpoint 'AuthController.Login (API.Web)'
2025-02-01 16:26:06.890 +03:00 [INF] HTTP POST /Auth/Login responded 200 in 161.7481 ms
2025-02-01 16:26:06.890 +03:00 [INF] Request finished HTTP/1.1 POST http://localhost:5252/Auth/Login - 200 0 null 162.3818ms
2025-02-01 16:27:14.824 +03:00 [INF] User profile is available. Using 'C:\Users\User\AppData\Local\ASP.NET\DataProtection-Keys' as key repository and Windows DPAPI to encrypt keys at rest.
2025-02-01 16:27:14.887 +03:00 [WRN] The WebRootPath was not found: D:\programmes\vs code projects\ASP.NET Core MVC NoteShare API\API.Web\wwwroot. Static files may be unavailable.
2025-02-01 16:27:14.898 +03:00 [INF] Now listening on: http://localhost:5252
2025-02-01 16:27:14.900 +03:00 [INF] Application started. Press Ctrl+C to shut down.
2025-02-01 16:27:14.901 +03:00 [INF] Hosting environment: Development
2025-02-01 16:27:14.901 +03:00 [INF] Content root path: D:\programmes\vs code projects\ASP.NET Core MVC NoteShare API\API.Web
2025-02-01 16:27:15.072 +03:00 [INF] Request starting HTTP/1.1 GET http://localhost:5252/swagger/index.html - null null
2025-02-01 16:27:15.082 +03:00 [WRN] Failed to determine the https port for redirect.
2025-02-01 16:27:15.239 +03:00 [INF] HTTP GET /swagger/index.html responded 200 in 158.0934 ms
2025-02-01 16:27:15.242 +03:00 [INF] Request finished HTTP/1.1 GET http://localhost:5252/swagger/index.html - 200 null text/html;charset=utf-8 170.7319ms
2025-02-01 16:27:15.299 +03:00 [INF] Request starting HTTP/1.1 GET http://localhost:5252/swagger/index.js - null null
2025-02-01 16:27:15.303 +03:00 [INF] HTTP GET /swagger/index.js responded 200 in 4.5867 ms
2025-02-01 16:27:15.304 +03:00 [INF] Request finished HTTP/1.1 GET http://localhost:5252/swagger/index.js - 200 null application/javascript;charset=utf-8 6.2558ms
2025-02-01 16:27:15.601 +03:00 [INF] Request starting HTTP/1.1 GET http://localhost:5252/swagger/v1/swagger.json - null null
2025-02-01 16:27:15.738 +03:00 [INF] HTTP GET /swagger/v1/swagger.json responded 200 in 136.5177 ms
2025-02-01 16:27:15.738 +03:00 [INF] Request finished HTTP/1.1 GET http://localhost:5252/swagger/v1/swagger.json - 200 null application/json;charset=utf-8 136.9884ms
2025-02-01 16:27:37.589 +03:00 [INF] Request starting HTTP/1.1 POST http://localhost:5252/Auth/Login - application/json 50
2025-02-01 16:27:37.592 +03:00 [INF] Executing endpoint 'AuthController.Login (API.Web)'
2025-02-01 16:27:37.613 +03:00 [INF] Route matched with {action = "Login", controller = "Auth"}. Executing controller action with signature System.Threading.Tasks.Task`1[Microsoft.AspNetCore.Mvc.ActionResult] Login(API.Application.DTOs.LoginRequest) on controller AuthController (API.Web).
2025-02-01 16:27:37.968 +03:00 [WRN] Sensitive data logging is enabled. Log entries and exception messages may include sensitive application data; this mode should only be enabled during development.
2025-02-01 16:27:38.636 +03:00 [INF] Executing StatusCodeResult, setting HTTP status code 200
2025-02-01 16:27:38.638 +03:00 [INF] Executed action AuthController.Login (API.Web) in 1023.0446ms
2025-02-01 16:27:38.638 +03:00 [INF] Executed endpoint 'AuthController.Login (API.Web)'
2025-02-01 16:27:38.639 +03:00 [INF] HTTP POST /Auth/Login responded 200 in 1050.1859 ms
2025-02-01 16:27:38.645 +03:00 [INF] Request finished HTTP/1.1 POST http://localhost:5252/Auth/Login - 200 0 null 1056.3477ms
2025-02-01 16:31:23.854 +03:00 [INF] User profile is available. Using 'C:\Users\User\AppData\Local\ASP.NET\DataProtection-Keys' as key repository and Windows DPAPI to encrypt keys at rest.
2025-02-01 16:31:23.917 +03:00 [WRN] The WebRootPath was not found: D:\programmes\vs code projects\ASP.NET Core MVC NoteShare API\API.Web\wwwroot. Static files may be unavailable.
2025-02-01 16:31:23.929 +03:00 [INF] Now listening on: http://localhost:5252
2025-02-01 16:31:23.931 +03:00 [INF] Application started. Press Ctrl+C to shut down.
2025-02-01 16:31:23.932 +03:00 [INF] Hosting environment: Development
2025-02-01 16:31:23.932 +03:00 [INF] Content root path: D:\programmes\vs code projects\ASP.NET Core MVC NoteShare API\API.Web
2025-02-01 16:31:24.093 +03:00 [INF] Request starting HTTP/1.1 GET http://localhost:5252/swagger/index.html - null null
2025-02-01 16:31:24.100 +03:00 [WRN] Failed to determine the https port for redirect.
2025-02-01 16:31:24.263 +03:00 [INF] HTTP GET /swagger/index.html responded 200 in 164.9570 ms
2025-02-01 16:31:24.266 +03:00 [INF] Request finished HTTP/1.1 GET http://localhost:5252/swagger/index.html - 200 null text/html;charset=utf-8 173.9802ms
2025-02-01 16:31:24.324 +03:00 [INF] Request starting HTTP/1.1 GET http://localhost:5252/swagger/index.js - null null
2025-02-01 16:31:24.328 +03:00 [INF] HTTP GET /swagger/index.js responded 200 in 4.0478 ms
2025-02-01 16:31:24.329 +03:00 [INF] Request finished HTTP/1.1 GET http://localhost:5252/swagger/index.js - 200 null application/javascript;charset=utf-8 5.1771ms
2025-02-01 16:31:24.631 +03:00 [INF] Request starting HTTP/1.1 GET http://localhost:5252/swagger/v1/swagger.json - null null
2025-02-01 16:31:24.787 +03:00 [INF] HTTP GET /swagger/v1/swagger.json responded 200 in 156.1485 ms
2025-02-01 16:31:24.788 +03:00 [INF] Request finished HTTP/1.1 GET http://localhost:5252/swagger/v1/swagger.json - 200 null application/json;charset=utf-8 157.7682ms
2025-02-01 16:31:39.173 +03:00 [INF] Request starting HTTP/1.1 POST http://localhost:5252/Auth/Login - application/json 50
2025-02-01 16:31:39.176 +03:00 [INF] Executing endpoint 'AuthController.Login (API.Web)'
2025-02-01 16:31:39.195 +03:00 [INF] Route matched with {action = "Login", controller = "Auth"}. Executing controller action with signature System.Threading.Tasks.Task`1[Microsoft.AspNetCore.Mvc.ActionResult] Login(API.Application.DTOs.LoginRequest) on controller AuthController (API.Web).
2025-02-01 16:31:39.586 +03:00 [WRN] Sensitive data logging is enabled. Log entries and exception messages may include sensitive application data; this mode should only be enabled during development.
2025-02-01 16:31:40.493 +03:00 [INF] Executing StatusCodeResult, setting HTTP status code 200
2025-02-01 16:31:40.495 +03:00 [INF] Executed action AuthController.Login (API.Web) in 1297.6373ms
2025-02-01 16:31:40.496 +03:00 [INF] Executed endpoint 'AuthController.Login (API.Web)'
2025-02-01 16:31:40.497 +03:00 [INF] HTTP POST /Auth/Login responded 200 in 1323.4526 ms
2025-02-01 16:31:40.502 +03:00 [INF] Request finished HTTP/1.1 POST http://localhost:5252/Auth/Login - 200 0 null 1329.393ms
2025-02-01 16:31:58.594 +03:00 [INF] Request starting HTTP/1.1 POST http://localhost:5252/Auth/Login - application/json 51
2025-02-01 16:31:58.596 +03:00 [INF] Executing endpoint 'AuthController.Login (API.Web)'
2025-02-01 16:31:58.596 +03:00 [INF] Route matched with {action = "Login", controller = "Auth"}. Executing controller action with signature System.Threading.Tasks.Task`1[Microsoft.AspNetCore.Mvc.ActionResult] Login(API.Application.DTOs.LoginRequest) on controller AuthController (API.Web).
2025-02-01 16:31:58.648 +03:00 [INF] Executing ObjectResult, writing value of type 'System.String'.
2025-02-01 16:31:58.649 +03:00 [INF] Executed action AuthController.Login (API.Web) in 52.913ms
2025-02-01 16:31:58.649 +03:00 [INF] Executed endpoint 'AuthController.Login (API.Web)'
2025-02-01 16:31:58.649 +03:00 [ERR] HTTP POST /Auth/Login responded 500 in 54.8559 ms
2025-02-01 16:31:58.649 +03:00 [INF] Request finished HTTP/1.1 POST http://localhost:5252/Auth/Login - 500 null text/plain; charset=utf-8 55.4331ms
2025-02-01 16:32:02.507 +03:00 [INF] Request starting HTTP/1.1 POST http://localhost:5252/Auth/Login - application/json 51
2025-02-01 16:32:02.508 +03:00 [INF] Executing endpoint 'AuthController.Login (API.Web)'
2025-02-01 16:32:02.508 +03:00 [INF] Route matched with {action = "Login", controller = "Auth"}. Executing controller action with signature System.Threading.Tasks.Task`1[Microsoft.AspNetCore.Mvc.ActionResult] Login(API.Application.DTOs.LoginRequest) on controller AuthController (API.Web).
2025-02-01 16:32:02.586 +03:00 [INF] Executing ObjectResult, writing value of type 'System.String'.
2025-02-01 16:32:02.586 +03:00 [INF] Executed action AuthController.Login (API.Web) in 78.401ms
2025-02-01 16:32:02.587 +03:00 [INF] Executed endpoint 'AuthController.Login (API.Web)'
2025-02-01 16:32:02.587 +03:00 [ERR] HTTP POST /Auth/Login responded 500 in 79.3781 ms
2025-02-01 16:32:02.587 +03:00 [INF] Request finished HTTP/1.1 POST http://localhost:5252/Auth/Login - 500 null text/plain; charset=utf-8 79.9141ms
