2025-02-04 17:06:08.193 +03:00 [INF] User profile is available. Using 'C:\Users\User\AppData\Local\ASP.NET\DataProtection-Keys' as key repository and Windows DPAPI to encrypt keys at rest.
2025-02-04 17:06:08.275 +03:00 [WRN] The WebRootPath was not found: D:\programmes\vs code projects\ASP.NET Core MVC NoteShare API\API.Web\wwwroot. Static files may be unavailable.
2025-02-04 17:06:08.312 +03:00 [INF] Now listening on: http://localhost:5252
2025-02-04 17:06:08.314 +03:00 [INF] Application started. Press Ctrl+C to shut down.
2025-02-04 17:06:08.315 +03:00 [INF] Hosting environment: Development
2025-02-04 17:06:08.315 +03:00 [INF] Content root path: D:\programmes\vs code projects\ASP.NET Core MVC NoteShare API\API.Web
2025-02-04 17:06:08.585 +03:00 [INF] Request starting HTTP/1.1 GET http://localhost:5252/swagger/index.html - null null
2025-02-04 17:06:08.597 +03:00 [WRN] Failed to determine the https port for redirect.
2025-02-04 17:06:08.753 +03:00 [INF] HTTP GET /swagger/index.html responded 200 in 157.5230 ms
2025-02-04 17:06:08.756 +03:00 [INF] Request finished HTTP/1.1 GET http://localhost:5252/swagger/index.html - 200 null text/html;charset=utf-8 173.2512ms
2025-02-04 17:06:08.807 +03:00 [INF] Request starting HTTP/1.1 GET http://localhost:5252/swagger/index.js - null null
2025-02-04 17:06:08.811 +03:00 [INF] HTTP GET /swagger/index.js responded 200 in 3.9557 ms
2025-02-04 17:06:08.811 +03:00 [INF] Request finished HTTP/1.1 GET http://localhost:5252/swagger/index.js - 200 null application/javascript;charset=utf-8 5.108ms
2025-02-04 17:06:09.230 +03:00 [INF] Request starting HTTP/1.1 GET http://localhost:5252/swagger/v1/swagger.json - null null
2025-02-04 17:06:09.386 +03:00 [INF] HTTP GET /swagger/v1/swagger.json responded 200 in 155.6792 ms
2025-02-04 17:06:09.386 +03:00 [INF] Request finished HTTP/1.1 GET http://localhost:5252/swagger/v1/swagger.json - 200 null application/json;charset=utf-8 156.5585ms
2025-02-04 17:13:05.355 +03:00 [INF] Request starting HTTP/1.1 PUT http://localhost:5252/User/Username - application/json 29
2025-02-04 17:13:05.360 +03:00 [INF] Authorization failed. These requirements were not met:
RolesAuthorizationRequirement:User.IsInRole must be true for one of the following roles: (User)
2025-02-04 17:13:05.363 +03:00 [INF] AuthenticationScheme: Bearer was challenged.
2025-02-04 17:13:05.363 +03:00 [INF] HTTP PUT /User/Username responded 401 in 7.2001 ms
2025-02-04 17:13:05.363 +03:00 [INF] Request finished HTTP/1.1 PUT http://localhost:5252/User/Username - 401 0 null 7.7953ms
2025-02-04 17:13:20.459 +03:00 [INF] Request starting HTTP/1.1 POST http://localhost:5252/Auth/Login - application/json 50
2025-02-04 17:13:20.473 +03:00 [INF] Executing endpoint 'AuthController.Login (API.Web)'
2025-02-04 17:13:20.495 +03:00 [INF] Route matched with {action = "Login", controller = "Auth"}. Executing controller action with signature System.Threading.Tasks.Task`1[Microsoft.AspNetCore.Mvc.ActionResult] Login(API.Application.DTOs.LoginRequest) on controller AuthController (API.Web).
2025-02-04 17:13:21.024 +03:00 [WRN] Sensitive data logging is enabled. Log entries and exception messages may include sensitive application data; this mode should only be enabled during development.
2025-02-04 17:13:21.268 +03:00 [INF] Executing BadRequestObjectResult, writing value of type 'Microsoft.AspNetCore.Mvc.ValidationProblemDetails'.
2025-02-04 17:13:21.302 +03:00 [INF] Executed action AuthController.Login (API.Web) in 803.8439ms
2025-02-04 17:13:21.302 +03:00 [INF] Executed endpoint 'AuthController.Login (API.Web)'
2025-02-04 17:13:21.302 +03:00 [INF] HTTP POST /Auth/Login responded 400 in 843.0602 ms
2025-02-04 17:13:21.307 +03:00 [INF] Request finished HTTP/1.1 POST http://localhost:5252/Auth/Login - 400 null application/problem+json; charset=utf-8 848.3215ms
2025-02-04 17:14:04.585 +03:00 [INF] User profile is available. Using 'C:\Users\User\AppData\Local\ASP.NET\DataProtection-Keys' as key repository and Windows DPAPI to encrypt keys at rest.
2025-02-04 17:14:04.667 +03:00 [WRN] The WebRootPath was not found: D:\programmes\vs code projects\ASP.NET Core MVC NoteShare API\API.Web\wwwroot. Static files may be unavailable.
2025-02-04 17:14:04.698 +03:00 [INF] Now listening on: http://localhost:5252
2025-02-04 17:14:04.700 +03:00 [INF] Application started. Press Ctrl+C to shut down.
2025-02-04 17:14:04.701 +03:00 [INF] Hosting environment: Development
2025-02-04 17:14:04.701 +03:00 [INF] Content root path: D:\programmes\vs code projects\ASP.NET Core MVC NoteShare API\API.Web
2025-02-04 17:14:04.847 +03:00 [INF] Request starting HTTP/1.1 GET http://localhost:5252/swagger/index.html - null null
2025-02-04 17:14:04.853 +03:00 [WRN] Failed to determine the https port for redirect.
2025-02-04 17:14:05.018 +03:00 [INF] HTTP GET /swagger/index.html responded 200 in 165.6653 ms
2025-02-04 17:14:05.022 +03:00 [INF] Request finished HTTP/1.1 GET http://localhost:5252/swagger/index.html - 200 null text/html;charset=utf-8 175.3672ms
2025-02-04 17:14:05.066 +03:00 [INF] Request starting HTTP/1.1 GET http://localhost:5252/swagger/index.js - null null
2025-02-04 17:14:05.097 +03:00 [INF] HTTP GET /swagger/index.js responded 200 in 29.9962 ms
2025-02-04 17:14:05.097 +03:00 [INF] Request finished HTTP/1.1 GET http://localhost:5252/swagger/index.js - 200 null application/javascript;charset=utf-8 31.0755ms
2025-02-04 17:14:05.404 +03:00 [INF] Request starting HTTP/1.1 GET http://localhost:5252/swagger/v1/swagger.json - null null
2025-02-04 17:14:05.539 +03:00 [INF] HTTP GET /swagger/v1/swagger.json responded 200 in 135.0721 ms
2025-02-04 17:14:05.540 +03:00 [INF] Request finished HTTP/1.1 GET http://localhost:5252/swagger/v1/swagger.json - 200 null application/json;charset=utf-8 135.6146ms
2025-02-04 17:14:21.104 +03:00 [INF] Request starting HTTP/1.1 POST http://localhost:5252/Auth/Login - application/json 50
2025-02-04 17:14:21.110 +03:00 [INF] Executing endpoint 'AuthController.Login (API.Web)'
2025-02-04 17:14:21.139 +03:00 [INF] Route matched with {action = "Login", controller = "Auth"}. Executing controller action with signature System.Threading.Tasks.Task`1[Microsoft.AspNetCore.Mvc.ActionResult] Login(API.Application.DTOs.LoginRequest) on controller AuthController (API.Web).
2025-02-04 17:14:21.599 +03:00 [WRN] Sensitive data logging is enabled. Log entries and exception messages may include sensitive application data; this mode should only be enabled during development.
2025-02-04 17:14:22.532 +03:00 [INF] Executing StatusCodeResult, setting HTTP status code 200
2025-02-04 17:14:22.535 +03:00 [INF] Executed action AuthController.Login (API.Web) in 1392.9227ms
2025-02-04 17:14:22.536 +03:00 [INF] Executed endpoint 'AuthController.Login (API.Web)'
2025-02-04 17:14:22.537 +03:00 [INF] HTTP POST /Auth/Login responded 200 in 1431.2091 ms
2025-02-04 17:14:22.542 +03:00 [INF] Request finished HTTP/1.1 POST http://localhost:5252/Auth/Login - 200 0 null 1437.7842ms
2025-02-04 17:14:34.925 +03:00 [INF] Request starting HTTP/1.1 PUT http://localhost:5252/User/Username - application/json 29
2025-02-04 17:14:34.965 +03:00 [INF] Executing endpoint 'UserController.UpdateUsername (API.Web)'
2025-02-04 17:14:34.969 +03:00 [INF] Route matched with {action = "UpdateUsername", controller = "User"}. Executing controller action with signature System.Threading.Tasks.Task`1[Microsoft.AspNetCore.Mvc.ActionResult] UpdateUsername(UsernameUpdateRequest) on controller UserController (API.Web).
2025-02-04 17:14:35.021 +03:00 [INF] Executing BadRequestObjectResult, writing value of type 'System.String'.
2025-02-04 17:14:35.022 +03:00 [INF] Executed action UserController.UpdateUsername (API.Web) in 52.4627ms
2025-02-04 17:14:35.022 +03:00 [INF] Executed endpoint 'UserController.UpdateUsername (API.Web)'
2025-02-04 17:14:35.022 +03:00 [INF] HTTP PUT /User/Username responded 400 in 96.6950 ms
2025-02-04 17:14:35.022 +03:00 [INF] Request finished HTTP/1.1 PUT http://localhost:5252/User/Username - 400 null text/plain; charset=utf-8 97.3262ms
